0 info it worked if it ends with ok
1 verbose cli [
1 verbose cli   'C:\\Program Files\\nodejs\\node.exe',
1 verbose cli   'C:\\Users\\Black Byrd\\AppData\\Roaming\\npm\\node_modules\\npm\\bin\\npm-cli.js',
1 verbose cli   'run',
1 verbose cli   'start'
1 verbose cli ]
2 info using npm@3.10.7
3 info using node@v16.15.0
4 verbose run-script [ 'prestart', 'start', 'poststart' ]
5 info lifecycle appengine-sample@0.0.2~prestart: appengine-sample@0.0.2
6 silly lifecycle appengine-sample@0.0.2~prestart: no script for prestart, continuing
7 info lifecycle appengine-sample@0.0.2~start: appengine-sample@0.0.2
8 verbose lifecycle appengine-sample@0.0.2~start: unsafe-perm in lifecycle true
9 verbose lifecycle appengine-sample@0.0.2~start: PATH: C:\Users\Black Byrd\AppData\Roaming\npm\node_modules\npm\bin\node-gyp-bin;C:\Users\Black Byrd\Desktop\sampleApp\node_modules\.bin;C:\Program Files (x86)\Razer Chroma SDK\bin;C:\Program Files\Razer Chroma SDK\bin;C:\Program Files (x86)\Razer\ChromaBroadcast\bin;C:\Program Files\Razer\ChromaBroadcast\bin;C:\ProgramData\Oracle\Java\javapath;C:\Windows\system32;C:\Windows;C:\Windows\System32\Wbem;C:\Windows\System32\WindowsPowerShell\v1.0\;C:\Program Files (x86)\ATI Technologies\ATI.ACE\Core-Static;C:\Program Files (x86)\GitExtensions\;C:\Program Files (x86)\Heroku\bin;C:\Program Files (x86)\git\cmd;C:\xampp\php;C:\ProgramData\ComposerSetup\bin;C:\Program Files (x86)\GtkSharp\2.12\bin;C:\Program Files (x86)\Bitvise SSH Client;C:\Program Files\CloudFoundry;C:\Program Files (x86)\Skype\Phone\;C:\WINDOWS\system32;C:\WINDOWS;C:\WINDOWS\System32\Wbem;C:\WINDOWS\System32\WindowsPowerShell\v1.0\;C:\WINDOWS\System32\OpenSSH\;C:\Program Files\Git\cmd;C:\Program Files\NVIDIA Corporation\NVIDIA NvDLISR;C:\Program Files\Cloud Foundry;C:\Program Files\dotnet\;C:\Program Files\Microsoft SQL Server\130\Tools\Binn\;C:\Program Files\Microsoft SQL Server\Client SDK\ODBC\170\Tools\Binn\;C:\Program Files (x86)\NVIDIA Corporation\PhysX\Common;C:\Users\Black Byrd\AppData\Local\Programs\Python\Python35\Scripts\;C:\Users\Black Byrd\AppData\Local\Programs\Python\Python35\;C:\Ruby22-x64\bin;C:\Users\Black Byrd\AppData\Local\atom\bin;C:\Users\Black Byrd\AppData\Local\Microsoft\WindowsApps;C:\Users\Black Byrd\AppData\Local\GitHubDesktop\bin;C:\Program Files\Heroku\bin;C:\Users\Black Byrd\AppData\Roaming\npm;C:\Users\Black Byrd\.dotnet\tools;C:\WINDOWS\system32;C:\WINDOWS;C:\WINDOWS\System32\Wbem;C:\WINDOWS\System32\WindowsPowerShell\v1.0\;C:\WINDOWS\System32\OpenSSH\;C:\Program Files\PuTTY\;C:\Program Files\nodejs\;C:\Program Files (x86)\Microsoft SQL Server\150\DTS\Binn\;C:\Program Files\Azure Data Studio\bin;C:\Users\Black Byrd\AppData\Local\Programs\Python\Python38\Scripts\;C:\Users\Black Byrd\AppData\Local\Programs\Python\Python38\;C:\Users\Black Byrd\AppData\Local\Programs\Python\Python35\Scripts\;C:\Users\Black Byrd\AppData\Local\Programs\Python\Python35\;C:\Ruby22-x64\bin;C:\Users\Black Byrd\AppData\Local\atom\bin;C:\Users\Black Byrd\AppData\Local\Microsoft\WindowsApps;C:\Users\Black Byrd\AppData\Local\GitHubDesktop\bin;C:\Users\Black Byrd\AppData\Local\Microsoft\WindowsApps;C:\Program Files\Heroku\bin;C:\Users\Black Byrd\.dotnet\tools;C:\Users\Black Byrd\AppData\Local\Google\Cloud SDK\google-cloud-sdk\bin;C:\Users\Black Byrd\AppData\Roaming\npm;C:\Program Files\Azure Data Studio\bin
10 verbose lifecycle appengine-sample@0.0.2~start: CWD: C:\Users\Black Byrd\Desktop\sampleApp
11 silly lifecycle appengine-sample@0.0.2~start: Args: [ '/d /s /c', 'node app.js' ]
12 silly lifecycle appengine-sample@0.0.2~start: Returned: code: 1  signal: null
13 info lifecycle appengine-sample@0.0.2~start: Failed to exec start script
14 verbose stack Error: appengine-sample@0.0.2 start: `node app.js`
14 verbose stack Exit status 1
14 verbose stack     at EventEmitter.<anonymous> (C:\Users\Black Byrd\AppData\Roaming\npm\node_modules\npm\lib\utils\lifecycle.js:255:16)
14 verbose stack     at EventEmitter.emit (node:events:527:28)
14 verbose stack     at ChildProcess.<anonymous> (C:\Users\Black Byrd\AppData\Roaming\npm\node_modules\npm\lib\utils\spawn.js:40:14)
14 verbose stack     at ChildProcess.emit (node:events:527:28)
14 verbose stack     at maybeClose (node:internal/child_process:1092:16)
14 verbose stack     at Process.ChildProcess._handle.onexit (node:internal/child_process:302:5)
15 verbose pkgid appengine-sample@0.0.2
16 verbose cwd C:\Users\Black Byrd\Desktop\sampleApp
17 error Windows_NT 10.0.19042
18 error argv "C:\\Program Files\\nodejs\\node.exe" "C:\\Users\\Black Byrd\\AppData\\Roaming\\npm\\node_modules\\npm\\bin\\npm-cli.js" "run" "start"
19 error node v16.15.0
20 error npm  v3.10.7
21 error code ELIFECYCLE
22 error appengine-sample@0.0.2 start: `node app.js`
22 error Exit status 1
23 error Failed at the appengine-sample@0.0.2 start script 'node app.js'.
23 error Make sure you have the latest version of node.js and npm installed.
23 error If you do, this is most likely a problem with the appengine-sample package,
23 error not with npm itself.
23 error Tell the author that this fails on your system:
23 error     node app.js
23 error You can get information on how to open an issue for this project with:
23 error     npm bugs appengine-sample
23 error Or if that isn't available, you can get their info via:
23 error     npm owner ls appengine-sample
23 error There is likely additional logging output above.
24 verbose exit [ 1, true ]
